WARN  2019-08-17 07:55:14 unity.iconloader IconLoader.cpp:756 Unable to load icon file:/// at size -1x22: Can't open directory
ATTENTION: default value of option force_s3tc_enable overridden by environment.
[3678:3681:0817/080110.301622:ERROR:ssl_client_socket_impl.cc(943)] handshake failed; returned -1, SSL error code 1, net_error -101
[3678:3681:0817/080110.311506:ERROR:ssl_client_socket_impl.cc(943)] handshake failed; returned -1, SSL error code 1, net_error -101
[3678:3681:0817/080110.771557:ERROR:ssl_client_socket_impl.cc(943)] handshake failed; returned -1, SSL error code 1, net_error -101
[3678:3681:0817/080111.562277:ERROR:ssl_client_socket_impl.cc(943)] handshake failed; returned -1, SSL error code 1, net_error -101
[3672:3672:0817/080730.916847:ERROR:gl_surface_presentation_helper.cc(260)] GetVSyncParametersIfAvailable() failed for 1 times!
[3672:3672:0817/080730.919439:ERROR:gl_surface_presentation_helper.cc(260)] GetVSyncParametersIfAvailable() failed for 2 times!
[3672:3672:0817/080730.935853:ERROR:gl_surface_presentation_helper.cc(260)] GetVSyncParametersIfAvailable() failed for 3 times!
WARN  2019-08-17 08:33:37 unity <unknown>:0 Failed to fetch xid: GDBus.Error:org.freedesktop.DBus.Error.UnknownMethod: No such interface 'org.ayatana.bamf.window' on object at path /org/ayatana/bamf/window/41946159
WARN  2019-08-17 08:33:37 unity <unknown>:0 Failed to fetch type: GDBus.Error:org.freedesktop.DBus.Error.UnknownMethod: No such interface 'org.ayatana.bamf.window' on object at path /org/ayatana/bamf/window/41946159
WARN  2019-08-17 08:33:37 unity <unknown>:0 Failed to fetch monitor: GDBus.Error:org.freedesktop.DBus.Error.UnknownMethod: No such interface 'org.ayatana.bamf.window' on object at path /org/ayatana/bamf/window/41946159
WARN  2019-08-17 08:33:37 unity <unknown>:0 Failed to fetch maximized state: GDBus.Error:org.freedesktop.DBus.Error.UnknownMethod: No such interface 'org.ayatana.bamf.window' on object at path /org/ayatana/bamf/window/41946159
WARN  2019-08-17 08:33:37 unity <unknown>:0 Failed to fetch xid: GDBus.Error:org.freedesktop.DBus.Error.UnknownMethod: No such interface 'org.ayatana.bamf.window' on object at path /org/ayatana/bamf/window/41946159
WARN  2019-08-17 08:33:37 unity <unknown>:0 Failed to fetch xid: GDBus.Error:org.freedesktop.DBus.Error.UnknownMethod: No such interface 'org.ayatana.bamf.window' on object at path /org/ayatana/bamf/window/41946159
WARN  2019-08-17 08:33:37 unity <unknown>:0 Failed to fetch xid: GDBus.Error:org.freedesktop.DBus.Error.UnknownMethod: No such interface 'org.ayatana.bamf.window' on object at path /org/ayatana/bamf/window/41946159
[3678:3681:0817/093840.100486:ERROR:ssl_client_socket_impl.cc(943)] handshake failed; returned -1, SSL error code 1, net_error -101
[3678:3681:0817/093840.140577:ERROR:ssl_client_socket_impl.cc(943)] handshake failed; returned -1, SSL error code 1, net_error -101
[3678:3681:0817/093840.142555:ERROR:ssl_client_socket_impl.cc(943)] handshake failed; returned -1, SSL error code 1, net_error -101
[3672:3672:0817/094344.827744:ERROR:gl_surface_presentation_helper.cc(260)] GetVSyncParametersIfAvailable() failed for 4 times!
[3672:3672:0817/094344.838469:ERROR:gl_surface_presentation_helper.cc(260)] GetVSyncParametersIfAvailable() failed for 5 times!
[3672:3672:0817/094344.854963:ERROR:gl_surface_presentation_helper.cc(260)] GetVSyncParametersIfAvailable() failed for 6 times!
